0 info it worked if it ends with ok
1 verbose cli [ '/Users/juansenoret/.nvm/versions/node/v9.2.0/bin/node',
1 verbose cli   '/Users/juansenoret/.nvm/versions/node/v9.2.0/bin/npm',
1 verbose cli   'start' ]
2 info using npm@3.10.10
3 info using node@v9.2.0
4 verbose run-script [ 'prestart', 'start', 'poststart' ]
5 info lifecycle nodejs_backend_hapy@1.0.0~prestart: nodejs_backend_hapy@1.0.0
6 silly lifecycle nodejs_backend_hapy@1.0.0~prestart: no script for prestart, continuing
7 info lifecycle nodejs_backend_hapy@1.0.0~start: nodejs_backend_hapy@1.0.0
8 verbose lifecycle nodejs_backend_hapy@1.0.0~start: unsafe-perm in lifecycle true
9 verbose lifecycle nodejs_backend_hapy@1.0.0~start: PATH: /Users/juansenoret/.nvm/versions/node/v9.2.0/lib/node_modules/npm/bin/node-gyp-bin:/Users/juansenoret/Documents/trainings/blockchain/Neo_Camp/workspace/neo_hackathon_berlin/nodejs_backend_hapy/node_modules/.bin:/Users/juansenoret/.nvm/versions/node/v9.2.0/bin:/opt/apache-maven/apache-maven-3.5.4/bin://anaconda/bin:/opt/local/bin:/opt/local/sbin:/Users/juansenoret/anaconda/bin:/usr/local/bin:/usr/bin:/bin:/usr/sbin:/sbin:/usr/local/share/dotnet:/Library/Frameworks/Mono.framework/Versions/Current/Commands
10 verbose lifecycle nodejs_backend_hapy@1.0.0~start: CWD: /Users/juansenoret/Documents/trainings/blockchain/Neo_Camp/workspace/neo_hackathon_berlin/nodejs_backend_hapy
11 silly lifecycle nodejs_backend_hapy@1.0.0~start: Args: [ '-c', 'node server.js' ]
12 silly lifecycle nodejs_backend_hapy@1.0.0~start: Returned: code: 1  signal: null
13 info lifecycle nodejs_backend_hapy@1.0.0~start: Failed to exec start script
14 verbose stack Error: nodejs_backend_hapy@1.0.0 start: `node server.js`
14 verbose stack Exit status 1
14 verbose stack     at EventEmitter.<anonymous> (/Users/juansenoret/.nvm/versions/node/v9.2.0/lib/node_modules/npm/lib/utils/lifecycle.js:255:16)
14 verbose stack     at EventEmitter.emit (events.js:159:13)
14 verbose stack     at ChildProcess.<anonymous> (/Users/juansenoret/.nvm/versions/node/v9.2.0/lib/node_modules/npm/lib/utils/spawn.js:40:14)
14 verbose stack     at ChildProcess.emit (events.js:159:13)
14 verbose stack     at maybeClose (internal/child_process.js:943:16)
14 verbose stack     at Process.ChildProcess._handle.onexit (internal/child_process.js:220:5)
15 verbose pkgid nodejs_backend_hapy@1.0.0
16 verbose cwd /Users/juansenoret/Documents/trainings/blockchain/Neo_Camp/workspace/neo_hackathon_berlin/nodejs_backend_hapy
17 error Darwin 17.2.0
18 error argv "/Users/juansenoret/.nvm/versions/node/v9.2.0/bin/node" "/Users/juansenoret/.nvm/versions/node/v9.2.0/bin/npm" "start"
19 error node v9.2.0
20 error npm  v3.10.10
21 error code ELIFECYCLE
22 error nodejs_backend_hapy@1.0.0 start: `node server.js`
22 error Exit status 1
23 error Failed at the nodejs_backend_hapy@1.0.0 start script 'node server.js'.
23 error Make sure you have the latest version of node.js and npm installed.
23 error If you do, this is most likely a problem with the nodejs_backend_hapy package,
23 error not with npm itself.
23 error Tell the author that this fails on your system:
23 error     node server.js
23 error You can get information on how to open an issue for this project with:
23 error     npm bugs nodejs_backend_hapy
23 error Or if that isn't available, you can get their info via:
23 error     npm owner ls nodejs_backend_hapy
23 error There is likely additional logging output above.
24 verbose exit [ 1, true ]
